This is XeTeX, Version 3.141592653-2.6-0.999993 (TeX Live 2022/dev/Debian) (preloaded format=xelatex 2022.4.27)  18 MAY 2022 09:48
entering extended mode
 restricted \write18 enabled.
 %&-line parsing enabled.
**report.tex
(./report.tex
LaTeX2e <2021-11-15> patch level 1
L3 programming layer <2022-01-21>
(/usr/share/texlive/texmf-dist/tex/latex/base/article.cls
Document Class: article 2021/10/04 v1.4n Standard LaTeX document class
(/usr/share/texlive/texmf-dist/tex/latex/base/size12.clo
File: size12.clo 2021/10/04 v1.4n Standard LaTeX file (size option)
)
\c@part=\count181
\c@section=\count182
\c@subsection=\count183
\c@subsubsection=\count184
\c@paragraph=\count185
\c@subparagraph=\count186
\c@figure=\count187
\c@table=\count188
\abovecaptionskip=\skip47
\belowcaptionskip=\skip48
\bibindent=\dimen138
)
(/home/nick/latex-preambles/xelatex.tex
(/usr/share/texlive/texmf-dist/tex/latex/graphics/graphicx.sty
Package: graphicx 2021/09/16 v1.2d Enhanced LaTeX Graphics (DPC,SPQR)

(/usr/share/texlive/texmf-dist/tex/latex/graphics/keyval.sty
Package: keyval 2014/10/28 v1.15 key=value parser (DPC)
\KV@toks@=\toks16
)
(/usr/share/texlive/texmf-dist/tex/latex/graphics/graphics.sty
Package: graphics 2021/03/04 v1.4d Standard LaTeX Graphics (DPC,SPQR)

(/usr/share/texlive/texmf-dist/tex/latex/graphics/trig.sty
Package: trig 2021/08/11 v1.11 sin cos tan (DPC)
)
(/usr/share/texlive/texmf-dist/tex/latex/graphics-cfg/graphics.cfg
File: graphics.cfg 2016/06/04 v1.11 sample graphics configuration
)
Package graphics Info: Driver file: xetex.def on input line 107.

(/usr/share/texlive/texmf-dist/tex/latex/graphics-def/xetex.def
File: xetex.def 2021/03/18 v5.0k Graphics/color driver for xetex
))
\Gin@req@height=\dimen139
\Gin@req@width=\dimen140
)
(/usr/share/texlive/texmf-dist/tex/latex/placeins/placeins.sty
Package: placeins 2005/04/18  v 2.2
)
(/usr/share/texlive/texmf-dist/tex/latex/float/float.sty
Package: float 2001/11/08 v1.3d Float enhancements (AL)
\c@float@type=\count189
\float@exts=\toks17
\float@box=\box50
\@float@everytoks=\toks18
\@floatcapt=\box51
)
(/usr/share/texlive/texmf-dist/tex/latex/amsmath/amsmath.sty
Package: amsmath 2021/10/15 v2.17l AMS math features
\@mathmargin=\skip49

For additional information on amsmath, use the `?' option.
(/usr/share/texlive/texmf-dist/tex/latex/amsmath/amstext.sty
Package: amstext 2021/08/26 v2.01 AMS text

(/usr/share/texlive/texmf-dist/tex/latex/amsmath/amsgen.sty
File: amsgen.sty 1999/11/30 v2.0 generic functions
\@emptytoks=\toks19
\ex@=\dimen141
))
(/usr/share/texlive/texmf-dist/tex/latex/amsmath/amsbsy.sty
Package: amsbsy 1999/11/29 v1.2d Bold Symbols
\pmbraise@=\dimen142
)
(/usr/share/texlive/texmf-dist/tex/latex/amsmath/amsopn.sty
Package: amsopn 2021/08/26 v2.02 operator names
)
\inf@bad=\count190
LaTeX Info: Redefining \frac on input line 234.
\uproot@=\count191
\leftroot@=\count192
LaTeX Info: Redefining \overline on input line 399.
\classnum@=\count193
\DOTSCASE@=\count194
LaTeX Info: Redefining \ldots on input line 496.
LaTeX Info: Redefining \dots on input line 499.
LaTeX Info: Redefining \cdots on input line 620.
\Mathstrutbox@=\box52
\strutbox@=\box53
\big@size=\dimen143
LaTeX Font Info:    Redeclaring font encoding OML on input line 743.
LaTeX Font Info:    Redeclaring font encoding OMS on input line 744.
\macc@depth=\count195
\c@MaxMatrixCols=\count196
\dotsspace@=\muskip16
\c@parentequation=\count197
\dspbrk@lvl=\count198
\tag@help=\toks20
\row@=\count199
\column@=\count266
\maxfields@=\count267
\andhelp@=\toks21
\eqnshift@=\dimen144
\alignsep@=\dimen145
\tagshift@=\dimen146
\tagwidth@=\dimen147
\totwidth@=\dimen148
\lineht@=\dimen149
\@envbody=\toks22
\multlinegap=\skip50
\multlinetaggap=\skip51
\mathdisplay@stack=\toks23
LaTeX Info: Redefining \[ on input line 2938.
LaTeX Info: Redefining \] on input line 2939.
)
(/usr/share/texlive/texmf-dist/tex/latex/listings/listings.sty
\lst@mode=\count268
\lst@gtempboxa=\box54
\lst@token=\toks24
\lst@length=\count269
\lst@currlwidth=\dimen150
\lst@column=\count270
\lst@pos=\count271
\lst@lostspace=\dimen151
\lst@width=\dimen152
\lst@newlines=\count272
\lst@lineno=\count273
\lst@maxwidth=\dimen153

(/usr/share/texlive/texmf-dist/tex/latex/listings/lstmisc.sty
File: lstmisc.sty 2020/03/24 1.8d (Carsten Heinz)
\c@lstnumber=\count274
\lst@skipnumbers=\count275
\lst@framebox=\box55
)
(/usr/share/texlive/texmf-dist/tex/latex/listings/listings.cfg
File: listings.cfg 2020/03/24 1.8d listings configuration
))
Package: listings 2020/03/24 1.8d (Carsten Heinz)

(/usr/share/texlive/texmf-dist/tex/latex/xcolor/xcolor.sty
Package: xcolor 2021/10/31 v2.13 LaTeX color extensions (UK)

(/usr/share/texlive/texmf-dist/tex/latex/graphics-cfg/color.cfg
File: color.cfg 2016/01/02 v1.6 sample color configuration
)
Package xcolor Info: Driver file: xetex.def on input line 227.
Package xcolor Info: Model `cmy' substituted by `cmy0' on input line 1352.
Package xcolor Info: Model `RGB' extended on input line 1368.
Package xcolor Info: Model `HTML' substituted by `rgb' on input line 1370.
Package xcolor Info: Model `Hsb' substituted by `hsb' on input line 1371.
Package xcolor Info: Model `tHsb' substituted by `hsb' on input line 1372.
Package xcolor Info: Model `HSB' substituted by `hsb' on input line 1373.
Package xcolor Info: Model `Gray' substituted by `gray' on input line 1374.
Package xcolor Info: Model `wave' substituted by `hsb' on input line 1375.
)
(/usr/share/texlive/texmf-dist/tex/latex/extarrows/extarrows.sty
Package: extarrows 2020/03/12 v1.2.0 Some extensible arrows
)
(/usr/share/texlive/texmf-dist/tex/latex/tools/verbatim.sty
Package: verbatim 2020-07-07 v1.5u LaTeX2e package for verbatim enhancements
\every@verbatim=\toks25
\verbatim@line=\toks26
\verbatim@in@stream=\read2
)
(/usr/share/texlive/texmf-dist/tex/latex/tools/enumerate.sty
Package: enumerate 2015/07/23 v3.00 enumerate extensions (DPC)
\@enLab=\toks27
)
(/usr/share/texlive/texmf-dist/tex/latex/enumitem/enumitem.sty
Package: enumitem 2019/06/20 v3.9 Customized lists
\labelindent=\skip52
\enit@outerparindent=\dimen154
\enit@toks=\toks28
\enit@inbox=\box56
\enit@count@id=\count276
\enitdp@description=\count277
)
(/usr/share/texlive/texmf-dist/tex/latex/eurosym/eurosym.sty
Package: eurosym 1998/08/06 v1.1 European currency symbol ``Euro''
\@eurobox=\box57
)
(/usr/share/texlive/texmf-dist/tex/latex/svg/svg.sty
Package: svg 2020/11/26 v2.02k (include SVG pictures)

(/usr/share/texlive/texmf-dist/tex/generic/iftex/iftex.sty
Package: iftex 2020/03/06 v1.0d TeX engine tests
)
(/usr/share/texlive/texmf-dist/tex/latex/koma-script/scrbase.sty
Package: scrbase 2021/11/13 v3.35 KOMA-Script package (KOMA-Script-independent 
basics and keyval usage)

(/usr/share/texlive/texmf-dist/tex/latex/koma-script/scrlfile.sty
Package: scrlfile 2021/11/13 v3.35 KOMA-Script package (file load hooks)

(/usr/share/texlive/texmf-dist/tex/latex/koma-script/scrlfile-hook.sty
Package: scrlfile-hook 2021/11/13 v3.35 KOMA-Script package (using LaTeX hooks)


(/usr/share/texlive/texmf-dist/tex/latex/koma-script/scrlogo.sty
Package: scrlogo 2021/11/13 v3.35 KOMA-Script package (logo)
)))
Applying: [2021/05/01] Usage of raw or classic option list on input line 252.
Already applied: [0000/00/00] Usage of raw or classic option list on input line
 368.
)
(/usr/share/texlive/texmf-dist/tex/generic/pdftexcmds/pdftexcmds.sty
Package: pdftexcmds 2020-06-27 v0.33 Utility functions of pdfTeX for LuaTeX (HO
)

(/usr/share/texlive/texmf-dist/tex/generic/infwarerr/infwarerr.sty
Package: infwarerr 2019/12/03 v1.5 Providing info/warning/error messages (HO)
)
(/usr/share/texlive/texmf-dist/tex/generic/ltxcmds/ltxcmds.sty
Package: ltxcmds 2020-05-10 v1.25 LaTeX kernel commands for general use (HO)
)
Package pdftexcmds Info: \pdf@primitive is available.
Package pdftexcmds Info: \pdf@ifprimitive is available.
Package pdftexcmds Info: \pdfdraftmode not found.
)
(/usr/share/texlive/texmf-dist/tex/latex/trimspaces/trimspaces.sty
Package: trimspaces 2009/09/17 v1.1 Trim spaces around a token list
)
(/usr/share/texlive/texmf-dist/tex/latex/tools/shellesc.sty
Package: shellesc 2019/11/08 v1.0c unified shell escape interface for LaTeX
Package shellesc Info: Restricted shell escape enabled on input line 77.
)
\c@svg@param@lastpage=\count278
\svg@box=\box58
\c@svg@param@currpage=\count279
)
(/usr/share/texlive/texmf-dist/tex/latex/transparent/transparent.sty
Package: transparent 2019/11/29 v1.4 Transparency via pdfTeX's color stack (HO)



Package transparent Warning: Loading aborted, because pdfTeX is not running in 
PDF mode.

) (/usr/share/texlive/texmf-dist/tex/latex/pgf/systemlayer/pgfsys.sty
(/usr/share/texlive/texmf-dist/tex/latex/pgf/utilities/pgfrcs.sty
(/usr/share/texlive/texmf-dist/tex/generic/pgf/utilities/pgfutil-common.tex
\pgfutil@everybye=\toks29
\pgfutil@tempdima=\dimen155
\pgfutil@tempdimb=\dimen156

(/usr/share/texlive/texmf-dist/tex/generic/pgf/utilities/pgfutil-common-lists.t
ex)) (/usr/share/texlive/texmf-dist/tex/generic/pgf/utilities/pgfutil-latex.def
\pgfutil@abb=\box59
) (/usr/share/texlive/texmf-dist/tex/generic/pgf/utilities/pgfrcs.code.tex
(/usr/share/texlive/texmf-dist/tex/generic/pgf/pgf.revision.tex)
Package: pgfrcs 2021/05/15 v3.1.9a (3.1.9a)
))
(/usr/share/texlive/texmf-dist/tex/generic/pgf/systemlayer/pgfsys.code.tex
Package: pgfsys 2021/05/15 v3.1.9a (3.1.9a)

(/usr/share/texlive/texmf-dist/tex/generic/pgf/utilities/pgfkeys.code.tex
\pgfkeys@pathtoks=\toks30
\pgfkeys@temptoks=\toks31

(/usr/share/texlive/texmf-dist/tex/generic/pgf/utilities/pgfkeysfiltered.code.t
ex
\pgfkeys@tmptoks=\toks32
))
\pgf@x=\dimen157
\pgf@y=\dimen158
\pgf@xa=\dimen159
\pgf@ya=\dimen160
\pgf@xb=\dimen161
\pgf@yb=\dimen162
\pgf@xc=\dimen163
\pgf@yc=\dimen164
\pgf@xd=\dimen165
\pgf@yd=\dimen166
\w@pgf@writea=\write3
\r@pgf@reada=\read3
\c@pgf@counta=\count280
\c@pgf@countb=\count281
\c@pgf@countc=\count282
\c@pgf@countd=\count283
\t@pgf@toka=\toks33
\t@pgf@tokb=\toks34
\t@pgf@tokc=\toks35
\pgf@sys@id@count=\count284
 (/usr/share/texlive/texmf-dist/tex/generic/pgf/systemlayer/pgf.cfg
File: pgf.cfg 2021/05/15 v3.1.9a (3.1.9a)
)
Driver file for pgf: pgfsys-xetex.def

(/usr/share/texlive/texmf-dist/tex/generic/pgf/systemlayer/pgfsys-xetex.def
File: pgfsys-xetex.def 2021/05/15 v3.1.9a (3.1.9a)

(/usr/share/texlive/texmf-dist/tex/generic/pgf/systemlayer/pgfsys-dvipdfmx.def
File: pgfsys-dvipdfmx.def 2021/05/15 v3.1.9a (3.1.9a)

(/usr/share/texlive/texmf-dist/tex/generic/pgf/systemlayer/pgfsys-common-pdf.de
f
File: pgfsys-common-pdf.def 2021/05/15 v3.1.9a (3.1.9a)
)
\pgfsys@objnum=\count285
)))
(/usr/share/texlive/texmf-dist/tex/generic/pgf/systemlayer/pgfsyssoftpath.code.
tex
File: pgfsyssoftpath.code.tex 2021/05/15 v3.1.9a (3.1.9a)
\pgfsyssoftpath@smallbuffer@items=\count286
\pgfsyssoftpath@bigbuffer@items=\count287
)
(/usr/share/texlive/texmf-dist/tex/generic/pgf/systemlayer/pgfsysprotocol.code.
tex
File: pgfsysprotocol.code.tex 2021/05/15 v3.1.9a (3.1.9a)
)) (/usr/share/texlive/texmf-dist/tex/latex/varwidth/varwidth.sty
Package: varwidth 2009/03/30 ver 0.92;  Variable-width minipages
\@vwid@box=\box60
\sift@deathcycles=\count288
\@vwid@loff=\dimen167
\@vwid@roff=\dimen168
)
(/usr/share/texlive/texmf-dist/tex/latex/moreverb/moreverb.sty
Package: moreverb 2008/06/03 v2.3a `more' verbatim facilities
\tab@position=\count289
\tab@size=\count290
\listing@line=\count291
)
(/usr/share/texlive/texmf-dist/tex/latex/relsize/relsize.sty
Package: relsize 2013/03/29 ver 4.1
)
(/usr/share/texlive/texmf-dist/tex/latex/tabto-ltx/tabto.sty
Package: tabto 2018/12/28  v 1.4  Another tabbing mechanism
\CurrentLineWidth=\dimen169
\TabPrevPos=\dimen170
)
(/usr/share/texlive/texmf-dist/tex/latex/geometry/geometry.sty
Package: geometry 2020/01/02 v5.9 Page Geometry

(/usr/share/texlive/texmf-dist/tex/generic/iftex/ifvtex.sty
Package: ifvtex 2019/10/25 v1.7 ifvtex legacy package. Use iftex instead.
)
\Gm@cnth=\count292
\Gm@cntv=\count293
\c@Gm@tempcnt=\count294
\Gm@bindingoffset=\dimen171
\Gm@wd@mp=\dimen172
\Gm@odd@mp=\dimen173
\Gm@even@mp=\dimen174
\Gm@layoutwidth=\dimen175
\Gm@layoutheight=\dimen176
\Gm@layouthoffset=\dimen177
\Gm@layoutvoffset=\dimen178
\Gm@dimlist=\toks36
)
(/usr/share/texlive/texmf-dist/tex/generic/ulem/ulem.sty
\UL@box=\box61
\UL@hyphenbox=\box62
\UL@skip=\skip53
\UL@hook=\toks37
\UL@height=\dimen179
\UL@pe=\count295
\UL@pixel=\dimen180
\ULC@box=\box63
Package: ulem 2019/11/18
\ULdepth=\dimen181
)
(/usr/share/texlive/texmf-dist/tex/latex/units/units.sty
Package: units 1998/08/04 v0.9b Typesetting units

(/usr/share/texlive/texmf-dist/tex/latex/base/ifthen.sty
Package: ifthen 2020/11/24 v1.1c Standard LaTeX ifthen package (DPC)
)
(/usr/share/texlive/texmf-dist/tex/latex/units/nicefrac.sty
Package: nicefrac 1998/08/04 v0.9b Nice fractions
\L@UnitsRaiseDisplaystyle=\skip54
\L@UnitsRaiseTextstyle=\skip55
\L@UnitsRaiseScriptstyle=\skip56
))
(/usr/share/texlive/texmf-dist/tex/latex/fancyvrb/fancyvrb.sty
Package: fancyvrb 2021/12/21 4.1b verbatim text (tvz,hv)
\FV@CodeLineNo=\count296
\FV@InFile=\read4
\FV@TabBox=\box64
\c@FancyVerbLine=\count297
\FV@StepNumber=\count298
\FV@OutFile=\write4
)
(/usr/share/texlive/texmf-dist/tex/latex/fontspec/fontspec.sty
(/usr/share/texlive/texmf-dist/tex/latex/l3packages/xparse/xparse.sty
(/usr/share/texlive/texmf-dist/tex/latex/l3kernel/expl3.sty
Package: expl3 2022-01-21 L3 programming layer (loader) 

(/usr/share/texlive/texmf-dist/tex/latex/l3backend/l3backend-xetex.def
File: l3backend-xetex.def 2022-01-12 L3 backend support: XeTeX

(|extractbb --version)
\c__kernel_sys_dvipdfmx_version_int=\count299
\l__color_backend_stack_int=\count300
\g__color_backend_stack_int=\count301
\g__graphics_track_int=\count302
\l__pdf_internal_box=\box65
\g__pdf_backend_object_int=\count303
\g__pdf_backend_annotation_int=\count304
\g__pdf_backend_link_int=\count305
))
Package: xparse 2022-01-12 L3 Experimental document command parser
)
Package: fontspec 2022/01/15 v2.8a Font selection for XeLaTeX and LuaLaTeX

(/usr/share/texlive/texmf-dist/tex/latex/fontspec/fontspec-xetex.sty
Package: fontspec-xetex 2022/01/15 v2.8a Font selection for XeLaTeX and LuaLaTe
X
\l__fontspec_script_int=\count306
\l__fontspec_language_int=\count307
\l__fontspec_strnum_int=\count308
\l__fontspec_tmp_int=\count309
\l__fontspec_tmpa_int=\count310
\l__fontspec_tmpb_int=\count311
\l__fontspec_tmpc_int=\count312
\l__fontspec_em_int=\count313
\l__fontspec_emdef_int=\count314
\l__fontspec_strong_int=\count315
\l__fontspec_strongdef_int=\count316
\l__fontspec_tmpa_dim=\dimen182
\l__fontspec_tmpb_dim=\dimen183
\l__fontspec_tmpc_dim=\dimen184

(/usr/share/texlive/texmf-dist/tex/latex/base/fontenc.sty
Package: fontenc 2021/04/29 v2.0v Standard LaTeX package
)
(/usr/share/texlive/texmf-dist/tex/latex/fontspec/fontspec.cfg)))
(/usr/share/texlive/texmf-dist/tex/latex/amsfonts/amsfonts.sty
Package: amsfonts 2013/01/14 v3.01 Basic AMSFonts support
\symAMSa=\mathgroup4
\symAMSb=\mathgroup5
LaTeX Font Info:    Redeclaring math symbol \hbar on input line 98.
LaTeX Font Info:    Overwriting math alphabet `\mathfrak' in version `bold'
(Font)                  U/euf/m/n --> U/euf/b/n on input line 106.
)
(/usr/share/texlive/texmf-dist/tex/latex/amsfonts/amssymb.sty
Package: amssymb 2013/01/14 v3.01 AMS font symbols
)
(/usr/share/texlive/texmf-dist/tex/latex/hyperref/hyperref.sty
Package: hyperref 2021-06-07 v7.00m Hypertext links for LaTeX

(/usr/share/texlive/texmf-dist/tex/generic/kvsetkeys/kvsetkeys.sty
Package: kvsetkeys 2019/12/15 v1.18 Key value parser (HO)
)
(/usr/share/texlive/texmf-dist/tex/generic/kvdefinekeys/kvdefinekeys.sty
Package: kvdefinekeys 2019-12-19 v1.6 Define keys (HO)
)
(/usr/share/texlive/texmf-dist/tex/generic/pdfescape/pdfescape.sty
Package: pdfescape 2019/12/09 v1.15 Implements pdfTeX's escape features (HO)
)
(/usr/share/texlive/texmf-dist/tex/latex/hycolor/hycolor.sty
Package: hycolor 2020-01-27 v1.10 Color options for hyperref/bookmark (HO)
)
(/usr/share/texlive/texmf-dist/tex/latex/letltxmacro/letltxmacro.sty
Package: letltxmacro 2019/12/03 v1.6 Let assignment for LaTeX macros (HO)
)
(/usr/share/texlive/texmf-dist/tex/latex/auxhook/auxhook.sty
Package: auxhook 2019-12-17 v1.6 Hooks for auxiliary files (HO)
)
(/usr/share/texlive/texmf-dist/tex/latex/kvoptions/kvoptions.sty
Package: kvoptions 2020-10-07 v3.14 Key value format for package options (HO)
)
\@linkdim=\dimen185
\Hy@linkcounter=\count317
\Hy@pagecounter=\count318

(/usr/share/texlive/texmf-dist/tex/latex/hyperref/pd1enc.def
File: pd1enc.def 2021-06-07 v7.00m Hyperref: PDFDocEncoding definition (HO)
)
(/usr/share/texlive/texmf-dist/tex/latex/hyperref/hyperref-langpatches.def
File: hyperref-langpatches.def 2021-06-07 v7.00m Hyperref: patches for babel la
nguages
)
(/usr/share/texlive/texmf-dist/tex/generic/intcalc/intcalc.sty
Package: intcalc 2019/12/15 v1.3 Expandable calculations with integers (HO)
)
(/usr/share/texlive/texmf-dist/tex/generic/etexcmds/etexcmds.sty
Package: etexcmds 2019/12/15 v1.7 Avoid name clashes with e-TeX commands (HO)
)
\Hy@SavedSpaceFactor=\count319

(/usr/share/texlive/texmf-dist/tex/latex/hyperref/puenc.def
File: puenc.def 2021-06-07 v7.00m Hyperref: PDF Unicode definition (HO)
)
Package hyperref Info: Hyper figures OFF on input line 4192.
Package hyperref Info: Link nesting OFF on input line 4197.
Package hyperref Info: Hyper index ON on input line 4200.
Package hyperref Info: Plain pages OFF on input line 4207.
Package hyperref Info: Backreferencing OFF on input line 4212.
Package hyperref Info: Implicit mode ON; LaTeX internals redefined.
Package hyperref Info: Bookmarks ON on input line 4445.
\c@Hy@tempcnt=\count320

(/usr/share/texlive/texmf-dist/tex/latex/url/url.sty
\Urlmuskip=\muskip17
Package: url 2013/09/16  ver 3.4  Verb mode for urls, etc.
)
LaTeX Info: Redefining \url on input line 4804.
\XeTeXLinkMargin=\dimen186

(/usr/share/texlive/texmf-dist/tex/generic/bitset/bitset.sty
Package: bitset 2019/12/09 v1.3 Handle bit-vector datatype (HO)

(/usr/share/texlive/texmf-dist/tex/generic/bigintcalc/bigintcalc.sty
Package: bigintcalc 2019/12/15 v1.5 Expandable calculations on big integers (HO
)
))
\Fld@menulength=\count321
\Field@Width=\dimen187
\Fld@charsize=\dimen188
Package hyperref Info: Hyper figures OFF on input line 6076.
Package hyperref Info: Link nesting OFF on input line 6081.
Package hyperref Info: Hyper index ON on input line 6084.
Package hyperref Info: backreferencing OFF on input line 6091.
Package hyperref Info: Link coloring OFF on input line 6096.
Package hyperref Info: Link coloring with OCG OFF on input line 6101.
Package hyperref Info: PDF/A mode OFF on input line 6106.
LaTeX Info: Redefining \ref on input line 6146.
LaTeX Info: Redefining \pageref on input line 6150.

(/usr/share/texlive/texmf-dist/tex/latex/base/atbegshi-ltx.sty
Package: atbegshi-ltx 2021/01/10 v1.0c Emulation of the original atbegshi
package with kernel methods
)
\Hy@abspage=\count322
\c@Item=\count323
\c@Hfootnote=\count324
)
Package hyperref Info: Driver (autodetected): hxetex.

(/usr/share/texlive/texmf-dist/tex/latex/hyperref/hxetex.def
File: hxetex.def 2021-06-07 v7.00m Hyperref driver for XeTeX

(/usr/share/texlive/texmf-dist/tex/generic/stringenc/stringenc.sty
Package: stringenc 2019/11/29 v1.12 Convert strings between diff. encodings (HO
)
)
\pdfm@box=\box66
\c@Hy@AnnotLevel=\count325
\HyField@AnnotCount=\count326
\Fld@listcount=\count327
\c@bookmark@seq@number=\count328

(/usr/share/texlive/texmf-dist/tex/latex/rerunfilecheck/rerunfilecheck.sty
Package: rerunfilecheck 2019/12/05 v1.9 Rerun checks for auxiliary files (HO)

(/usr/share/texlive/texmf-dist/tex/latex/base/atveryend-ltx.sty
Package: atveryend-ltx 2020/08/19 v1.0a Emulation of the original atveryend pac
kage
with kernel methods
)
(/usr/share/texlive/texmf-dist/tex/generic/uniquecounter/uniquecounter.sty
Package: uniquecounter 2019/12/15 v1.4 Provide unlimited unique counter (HO)
)
Package uniquecounter Info: New unique counter `rerunfilecheck' on input line 2
86.
)
\Hy@SectionHShift=\skip57
)
Package hyperref Info: Option `colorlinks' set `true' on input line 82.
)

Package fontspec Info: Font family 'MinionPro(0)' created for font 'Minion
(fontspec)             Pro' with options [Ligatures=TeX].
(fontspec)              
(fontspec)              This font family consists of the following NFSS
(fontspec)             series/shapes:
(fontspec)              
(fontspec)             - 'normal' (m/n) with NFSS spec.: <->"Minion
(fontspec)             Pro/OT:script=latn;language=dflt;mapping=tex-text;"
(fontspec)             - 'small caps'  (m/sc) with NFSS spec.: <->"Minion
(fontspec)             Pro/OT:script=latn;language=dflt;+smcp;mapping=tex-text;
"
(fontspec)             - 'bold' (b/n) with NFSS spec.: <->"Minion
(fontspec)             Pro/B/OT:script=latn;language=dflt;mapping=tex-text;"
(fontspec)             - 'bold small caps'  (b/sc) with NFSS spec.: <->"Minion
(fontspec)             Pro/B/OT:script=latn;language=dflt;+smcp;mapping=tex-tex
t;"
(fontspec)             - 'italic' (m/it) with NFSS spec.: <->"Minion
(fontspec)             Pro/I/OT:script=latn;language=dflt;mapping=tex-text;"
(fontspec)             - 'italic small caps'  (m/scit) with NFSS spec.:
(fontspec)             <->"Minion
(fontspec)             Pro/I/OT:script=latn;language=dflt;+smcp;mapping=tex-tex
t;"
(fontspec)             - 'bold italic' (b/it) with NFSS spec.: <->"Minion
(fontspec)             Pro/BI/OT:script=latn;language=dflt;mapping=tex-text;"
(fontspec)             - 'bold italic small caps'  (b/scit) with NFSS spec.:
(fontspec)             <->"Minion
(fontspec)             Pro/BI/OT:script=latn;language=dflt;+smcp;mapping=tex-te
xt;"


(./report.aux)
\openout1 = `report.aux'.

LaTeX Font Info:    Checking defaults for OML/cmm/m/it on input line 17.
LaTeX Font Info:    ... okay on input line 17.
LaTeX Font Info:    Checking defaults for OMS/cmsy/m/n on input line 17.
LaTeX Font Info:    ... okay on input line 17.
LaTeX Font Info:    Checking defaults for OT1/cmr/m/n on input line 17.
LaTeX Font Info:    ... okay on input line 17.
LaTeX Font Info:    Checking defaults for T1/cmr/m/n on input line 17.
LaTeX Font Info:    ... okay on input line 17.
LaTeX Font Info:    Checking defaults for TS1/cmr/m/n on input line 17.
LaTeX Font Info:    Trying to load font information for TS1+cmr on input line 1
7.
 (/usr/share/texlive/texmf-dist/tex/latex/base/ts1cmr.fd
File: ts1cmr.fd 2019/12/16 v2.5j Standard LaTeX font definitions
)
LaTeX Font Info:    ... okay on input line 17.
LaTeX Font Info:    Checking defaults for TU/lmr/m/n on input line 17.
LaTeX Font Info:    ... okay on input line 17.
LaTeX Font Info:    Checking defaults for OMX/cmex/m/n on input line 17.
LaTeX Font Info:    ... okay on input line 17.
LaTeX Font Info:    Checking defaults for U/cmr/m/n on input line 17.
LaTeX Font Info:    ... okay on input line 17.
LaTeX Font Info:    Checking defaults for PD1/pdf/m/n on input line 17.
LaTeX Font Info:    ... okay on input line 17.
LaTeX Font Info:    Checking defaults for PU/pdf/m/n on input line 17.
LaTeX Font Info:    ... okay on input line 17.
\c@lstlisting=\count329

*geometry* driver: auto-detecting
*geometry* detected driver: xetex
*geometry* verbose mode - [ preamble ] result:
* driver: xetex
* paper: a4paper
* layout: <same size as paper>
* layoutoffset:(h,v)=(0.0pt,0.0pt)
* modes: 
* h-part:(L,W,R)=(72.26999pt, 452.9679pt, 72.26999pt)
* v-part:(T,H,B)=(72.26999pt, 700.50687pt, 72.26999pt)
* \paperwidth=597.50787pt
* \paperheight=845.04684pt
* \textwidth=452.9679pt
* \textheight=700.50687pt
* \oddsidemargin=0.0pt
* \evensidemargin=0.0pt
* \topmargin=-37.0pt
* \headheight=12.0pt
* \headsep=25.0pt
* \topskip=12.0pt
* \footskip=30.0pt
* \marginparwidth=35.0pt
* \marginparsep=10.0pt
* \columnsep=10.0pt
* \skip\footins=10.8pt plus 4.0pt minus 2.0pt
* \hoffset=0.0pt
* \voffset=0.0pt
* \mag=1000
* \@twocolumnfalse
* \@twosidefalse
* \@mparswitchfalse
* \@reversemarginfalse
* (1in=72.27pt=25.4mm, 1cm=28.453pt)


Package fontspec Info: Adjusting the maths setup (use [no-math] to avoid
(fontspec)             this).

\symlegacymaths=\mathgroup6
LaTeX Font Info:    Overwriting symbol font `legacymaths' in version `bold'
(Font)                  OT1/cmr/m/n --> OT1/cmr/bx/n on input line 17.
LaTeX Font Info:    Redeclaring math accent \acute on input line 17.
LaTeX Font Info:    Redeclaring math accent \grave on input line 17.
LaTeX Font Info:    Redeclaring math accent \ddot on input line 17.
LaTeX Font Info:    Redeclaring math accent \tilde on input line 17.
LaTeX Font Info:    Redeclaring math accent \bar on input line 17.
LaTeX Font Info:    Redeclaring math accent \breve on input line 17.
LaTeX Font Info:    Redeclaring math accent \check on input line 17.
LaTeX Font Info:    Redeclaring math accent \hat on input line 17.
LaTeX Font Info:    Redeclaring math accent \dot on input line 17.
LaTeX Font Info:    Redeclaring math accent \mathring on input line 17.
LaTeX Font Info:    Redeclaring math symbol \Gamma on input line 17.
LaTeX Font Info:    Redeclaring math symbol \Delta on input line 17.
LaTeX Font Info:    Redeclaring math symbol \Theta on input line 17.
LaTeX Font Info:    Redeclaring math symbol \Lambda on input line 17.
LaTeX Font Info:    Redeclaring math symbol \Xi on input line 17.
LaTeX Font Info:    Redeclaring math symbol \Pi on input line 17.
LaTeX Font Info:    Redeclaring math symbol \Sigma on input line 17.
LaTeX Font Info:    Redeclaring math symbol \Upsilon on input line 17.
LaTeX Font Info:    Redeclaring math symbol \Phi on input line 17.
LaTeX Font Info:    Redeclaring math symbol \Psi on input line 17.
LaTeX Font Info:    Redeclaring math symbol \Omega on input line 17.
LaTeX Font Info:    Redeclaring math symbol \mathdollar on input line 17.
LaTeX Font Info:    Redeclaring symbol font `operators' on input line 17.
LaTeX Font Info:    Encoding `OT1' has changed to `TU' for symbol font
(Font)              `operators' in the math version `normal' on input line 17.
LaTeX Font Info:    Overwriting symbol font `operators' in version `normal'
(Font)                  OT1/cmr/m/n --> TU/MinionPro(0)/m/n on input line 17.
LaTeX Font Info:    Encoding `OT1' has changed to `TU' for symbol font
(Font)              `operators' in the math version `bold' on input line 17.
LaTeX Font Info:    Overwriting symbol font `operators' in version `bold'
(Font)                  OT1/cmr/bx/n --> TU/MinionPro(0)/m/n on input line 17.
LaTeX Font Info:    Overwriting symbol font `operators' in version `normal'
(Font)                  TU/MinionPro(0)/m/n --> TU/MinionPro(0)/m/n on input li
ne 17.
LaTeX Font Info:    Overwriting math alphabet `\mathit' in version `normal'
(Font)                  OT1/cmr/m/it --> TU/MinionPro(0)/m/it on input line 17.

LaTeX Font Info:    Overwriting math alphabet `\mathbf' in version `normal'
(Font)                  OT1/cmr/bx/n --> TU/MinionPro(0)/b/n on input line 17.
LaTeX Font Info:    Overwriting math alphabet `\mathsf' in version `normal'
(Font)                  OT1/cmss/m/n --> TU/lmss/m/n on input line 17.
LaTeX Font Info:    Overwriting math alphabet `\mathtt' in version `normal'
(Font)                  OT1/cmtt/m/n --> TU/lmtt/m/n on input line 17.
LaTeX Font Info:    Overwriting symbol font `operators' in version `bold'
(Font)                  TU/MinionPro(0)/m/n --> TU/MinionPro(0)/b/n on input li
ne 17.
LaTeX Font Info:    Overwriting math alphabet `\mathit' in version `bold'
(Font)                  OT1/cmr/bx/it --> TU/MinionPro(0)/b/it on input line 17
.
LaTeX Font Info:    Overwriting math alphabet `\mathsf' in version `bold'
(Font)                  OT1/cmss/bx/n --> TU/lmss/b/n on input line 17.
LaTeX Font Info:    Overwriting math alphabet `\mathtt' in version `bold'
(Font)                  OT1/cmtt/m/n --> TU/lmtt/b/n on input line 17.
Package hyperref Info: Link coloring ON on input line 17.
(/usr/share/texlive/texmf-dist/tex/latex/hyperref/nameref.sty
Package: nameref 2021-04-02 v2.47 Cross-referencing by name of section

(/usr/share/texlive/texmf-dist/tex/latex/refcount/refcount.sty
Package: refcount 2019/12/15 v3.6 Data extraction from label references (HO)
)
(/usr/share/texlive/texmf-dist/tex/generic/gettitlestring/gettitlestring.sty
Package: gettitlestring 2019/12/15 v1.6 Cleanup title references (HO)
)
\c@section@level=\count330
)
LaTeX Info: Redefining \ref on input line 17.
LaTeX Info: Redefining \pageref on input line 17.
LaTeX Info: Redefining \nameref on input line 17.

(./report.out) (./report.out)
\@outlinefile=\write5
\openout5 = `report.out'.

LaTeX Font Info:    Trying to load font information for U+msa on input line 19.


(/usr/share/texlive/texmf-dist/tex/latex/amsfonts/umsa.fd
File: umsa.fd 2013/01/14 v3.01 AMS symbols A
)
LaTeX Font Info:    Trying to load font information for U+msb on input line 19.


(/usr/share/texlive/texmf-dist/tex/latex/amsfonts/umsb.fd
File: umsb.fd 2013/01/14 v3.01 AMS symbols B
) [1

] [2]
Overfull \hbox (44.23383pt too wide) in paragraph at lines 120--121
\TU/MinionPro(0)/m/n/12 Στο PC1 εκτελούμε [][]\TU/lmtt/m/n/12 traceroute 192.16
8.1.3 []\TU/MinionPro(0)/m/n/12 και επιβεβαιώνουμε ότι δεν μπορούμε, αφού εμφαν
ίζεται
 []


Overfull \hbox (1.19759pt too wide) in paragraph at lines 120--121
\TU/MinionPro(0)/m/n/12 μήνυμα λάθους ”Permission denied”. Αυτό συμβαίνει διότι
 by default η εντολή traceroute στέλνει
 []


Overfull \hbox (30.29356pt too wide) in paragraph at lines 120--121
\TU/MinionPro(0)/m/n/12 πακέτα UDP, και δεν υπάρχει κανόνας στο firewall που επ
ιτρέπει να περάσουν. Αλλάζοντας την εντολή
 []


Overfull \hbox (3.43356pt too wide) in paragraph at lines 157--158
\TU/MinionPro(0)/m/n/12 Στο PC1 εκτελούμε [][]\TU/lmtt/m/n/12 ssh lab@192.168.1
.3[]\TU/MinionPro(0)/m/n/12 . Το ssh αποτυγχάνει με μήνυμα λάθους ”Permission
 []

[3]
Overfull \hbox (47.04495pt too wide) in paragraph at lines 190--191
[]\TU/MinionPro(0)/m/n/12 Ο κανόνας 100 δεν χρησιμοποιήθηκε καμία φορά, αφού κα
τά τη σύνδεση με ssh δεν χρησιμοποιείται
 []


Overfull \hbox (23.82495pt too wide) in paragraph at lines 191--192
[]\TU/MinionPro(0)/m/n/12 Ο κανόνας 200 δεν χρησιμοποιήθηκε καμία φορά, αφού κα
τά τη σύνδεση με ssh δεν στέλνονται
 []


Overfull \hbox (23.82495pt too wide) in paragraph at lines 192--193
[]\TU/MinionPro(0)/m/n/12 Ο κανόνας 300 δεν χρησιμοποιήθηκε καμία φορά, αφού κα
τά τη σύνδεση με ssh δεν στέλνονται
 []


Overfull \hbox (1.25845pt too wide) in paragraph at lines 194--195
[]\TU/MinionPro(0)/m/n/12 Ο κανόνας 500 χρησιμοποιήθηκε 68 φορές για όλα τα υπό
λοιπα τεμάχια TCP που ανήκουν
 []


Overfull \hbox (2.42867pt too wide) in paragraph at lines 198--199
\TU/MinionPro(0)/m/n/12 Στο PC2 εκτελούμε [][]\TU/lmtt/m/n/12 ssh lab@192.168.1
.2[]\TU/MinionPro(0)/m/n/12 . Η εντολή αρχικά φαίνεται να ”κολλάει” και ύστερα
 []


Overfull \hbox (10.72719pt too wide) in paragraph at lines 198--199
\TU/MinionPro(0)/m/n/12 από κάποιο χρονικό διάστημα εμφανίζεται μήνυμα ”Operati
on timed out”. Αυτό είναι λογικό, αφού
 []


Overfull \hbox (5.25137pt too wide) in paragraph at lines 198--199
\TU/MinionPro(0)/m/n/12 κανένας από τους κανόνες που έχουμε ορίσει στο firewall
 του PC1 δεν επιτρέπουν TCP τεμάχια με
 []

[4] [5]
Overfull \hbox (13.20445pt too wide) in paragraph at lines 287--288
\TU/MinionPro(0)/m/n/12 Στο PC1 εκτελούμε [][]\TU/lmtt/m/n/12 ping 192.168.1.3[
]\TU/MinionPro(0)/m/n/12 . Στο PC2 εκτελούμε [][]\TU/lmtt/m/n/12 ipfw -d show[]
\TU/MinionPro(0)/m/n/12 . Βλέπουμε ότι, εκτός
 []


Overfull \hbox (4.29198pt too wide) in paragraph at lines 291--291
[]\TU/lmtt/m/n/12 00300   34   2856 (5s) STATE icmp 192.168.1.2 0 <-> 192.168.1
.3 0 :default[] 
 []

[6]
Overfull \hbox (5.28554pt too wide) in paragraph at lines 355--356
\TU/MinionPro(0)/m/n/12 Στο PC1 εκτελούμε [][]\TU/lmtt/m/n/12 ftp lab@192.168.1
.2[]\TU/MinionPro(0)/m/n/12 . Λαμβάνουμε μήνυμα λάθους ”Connection refused”,
 []

[7]
Overfull \hbox (7.71858pt too wide) in paragraph at lines 370--371
[]\TU/MinionPro(0)/m/n/12 Η [][]\TU/lmtt/m/n/12 cd /usr []\TU/MinionPro(0)/m/n/
12 εκτελείται επιτυχώς, αφού υπάρχει κανόνας στο firewall του PC2 για τη θύρα 2
1, ενώ η
 []


Overfull \hbox (43.22343pt too wide) in paragraph at lines 370--371
[][]\TU/lmtt/m/n/12 ls []\TU/MinionPro(0)/m/n/12 αποτυγχάνει, γιατί εκτελώντας 
την μπαίνουμε Extended Passive Mode, στο οποίο επιλέγεται δυναμικά
 []


Overfull \hbox (0.50984pt too wide) in paragraph at lines 370--371
\TU/MinionPro(0)/m/n/12 μια θύρα για τη σύνδεση δεδομένων, για την οποία δεν υπ
άρχει αντίστοιχος κανόνας στο firewall
 []

[8] [9] [10]
Overfull \hbox (0.66553pt too wide) in paragraph at lines 510--511
\TU/MinionPro(0)/m/n/12 Με την εντολή [][]\TU/lmtt/m/n/12 ip nat show config[]\
TU/MinionPro(0)/m/n/12 . Βλέπουμε ότι δεν έχει οριστεί κανένας πίνακας in-kerne
l
 []

[11]
Overfull \hbox (1.62292pt too wide) in paragraph at lines 569--570
\TU/MinionPro(0)/m/n/12 Εφαρμόστηκε 124 φορές. Αυτό συμβαίνει διότι στάλθηκαν σ
υνολικά 31 (δηλαδή 124 $\OMS/cmsy/m/n/12 ^^D$ \TU/MinionPro(0)/m/n/12 4 ) ICMP
 []

[12]
Overfull \hbox (0.20337pt too wide) in paragraph at lines 605--606
\TU/MinionPro(0)/m/n/12 Η κίνηση δεν ωθείται προς μετάφραση διευθύνσεων διότι η
 διεύθυνση [][]\TU/lmtt/m/n/12 192.0.2.5 []\TU/MinionPro(0)/m/n/12 του SRV1 δεν

 []


Overfull \hbox (35.21606pt too wide) in paragraph at lines 624--624
[]\TU/lmtt/m/n/12 ipfw nat 123 config unreg_only if em1 reset redirect_addr 192
.168.1.3 192.0.2.1[] 
 []

[13]
Overfull \hbox (3.82317pt too wide) in paragraph at lines 699--700
\TU/MinionPro(0)/m/n/12 Στο PC2 εκτελούμε [][]\TU/lmtt/m/n/12 ssh lab@192.0.2.1
[]\TU/MinionPro(0)/m/n/12 . Συνδεόμαστε στο PC1, όπως φαίνεται από το prompt: 
 []

[14]
Overfull \hbox (19.58582pt too wide) in paragraph at lines 729--730
\TU/MinionPro(0)/m/n/12 Στο FW1 εκτελούμε επανειλημμένα [][]\TU/lmtt/m/n/12 ipf
w show []\TU/MinionPro(0)/m/n/12 και βλέπουμε ότι όσο το ping εκτελείται, οι με
τρητές
 []


Overfull \hbox (9.77109pt too wide) in paragraph at lines 729--730
\TU/MinionPro(0)/m/n/12 χρήσης του κανόνα [][]\TU/lmtt/m/n/12 01100 nat 123 ip4
 from any to any []\TU/MinionPro(0)/m/n/12 αυξάνονται. Ωστόσο, επειδή μόλις
 []


Overfull \hbox (13.11946pt too wide) in paragraph at lines 729--730
\TU/MinionPro(0)/m/n/12 απενεργοποιήσαμε τη λειτουργία one-pass, ύστερα από τη 
μετάφραση διευθύνσεων, η επεξεργασία
 []


Overfull \hbox (1.7072pt too wide) in paragraph at lines 729--730
\TU/MinionPro(0)/m/n/12 των πακέτων συνεχίζει με τον επόμενο κανόνα του τείχους
 προστασίας. Έτσι, τα πακέτα περνούν
 []


Overfull \hbox (24.74554pt too wide) in paragraph at lines 750--751
\TU/MinionPro(0)/m/n/12 Στο PC2 εκτελούμε [][]\TU/lmtt/m/n/12 ssh lab@192.0.2.1
[]\TU/MinionPro(0)/m/n/12 . Με τις εντολές [][]\TU/lmtt/m/n/12 hostname []\TU/M
inionPro(0)/m/n/12 ή/και [][]\TU/lmtt/m/n/12 ifconfig em0 []\TU/MinionPro(0)/m/
n/12 μπορούμε
 []

[15] [16] [17] [18] [19]
Overfull \hbox (12.93445pt too wide) in paragraph at lines 1008--1009
[]\TU/MinionPro(0)/m/n/12 Στο υπο-μενού ”Static IP configuration” αλλάζουμε τις
 τιμές των πεδίων ”IP address” και ”Gateway”
 []

[20]
Overfull \hbox (10.53192pt too wide) in paragraph at lines 1020--1020
[]\TU/lmtt/m/n/12 Action  Proto   Source              Port   Destination   Port
   Description[] 
 []


Overfull \hbox (22.87978pt too wide) in paragraph at lines 1021--1021
[]\TU/lmtt/m/n/12 Block   *       RFC 1918 networks   *      *             *   
   Block private[] 
 []

[21] [22] [23]
Overfull \hbox (3.61246pt too wide) in paragraph at lines 1236--1237
\TU/MinionPro(0)/m/n/12 Στο PC1 εκτελούμε [][]\TU/lmtt/m/n/12 ping 192.0.2.2[]\
TU/MinionPro(0)/m/n/12 . Το ping είναι επιτυχές. Συμπεραίνουμε ότι στο FW1, κατ
ά
 []


Overfull \hbox (32.74342pt too wide) in paragraph at lines 1236--1237
\TU/MinionPro(0)/m/n/12 την κατεύθυνση PC1 $\OMS/cmsy/m/n/12 !$ \TU/MinionPro(0
)/m/n/12 R1 αντικαθίσταται η εσωτερική τοπική διεύθυνση IP του PC1 με την διεύθ
υνση
 []

[24]
Overfull \hbox (29.73088pt too wide) in paragraph at lines 1245--1246
[]\TU/MinionPro(0)/m/n/12 Στο PC1 εκτελούμε [][]\TU/lmtt/m/n/12 ping 172.22.1.2
[]\TU/MinionPro(0)/m/n/12 . Δε λαμβάνουμε απάντηση. Αυτό συμβαίνει επειδή δεν γ
ίνεται
 []


Overfull \hbox (6.15535pt too wide) in paragraph at lines 1245--1246
\TU/MinionPro(0)/m/n/12 μετάφραση διευθύνσεων προς το DMZ και δεν υπάρχει εγγρα
φή σχετική με την εσωτερική τοπική
 []


Overfull \hbox (7.01788pt too wide) in paragraph at lines 1245--1246
\TU/MinionPro(0)/m/n/12 διεύθυνση [][]\TU/lmtt/m/n/12 192.168.1.2 []\TU/MinionP
ro(0)/m/n/12 του PC1 στον πίνακα δρομολόγησης του SRV1, επομένως δεν μπορεί να
 []

[25]
Overfull \hbox (1.17487pt too wide) in paragraph at lines 1297--1298
\TU/MinionPro(0)/m/n/12 Στον SRV1 εκτελούμε [][]\TU/lmtt/m/n/12 ping 192.0.2.2[
]\TU/MinionPro(0)/m/n/12 . Το ping είναι επιτυχές. Αυτό συμβαίνει διότι τα πακέ
τα
 []


Overfull \hbox (22.06499pt too wide) in paragraph at lines 1297--1298
\TU/MinionPro(0)/m/n/12 των ICMP request αλλάζει από [][]\TU/lmtt/m/n/12 172.22
.1.2 []\TU/MinionPro(0)/m/n/12 σε [][]\TU/lmtt/m/n/12 192.0.2.1[]\TU/MinionPro(
0)/m/n/12 , και έτσι ο R1 μπορεί πλέον να απαντήσει
 []

[26]
Overfull \hbox (7.99086pt too wide) in paragraph at lines 1347--1348
\TU/MinionPro(0)/m/n/12 Στο PC2 εκτελούμε [][]\TU/lmtt/m/n/12 ping 172.22.1.1[]
\TU/MinionPro(0)/m/n/12 . Το ping είναι επιτυχές. Αυτό συμβαίνει γιατί ο τελευτ
αίος
 []


Overfull \hbox (16.3419pt too wide) in paragraph at lines 1347--1348
\TU/MinionPro(0)/m/n/12 κανόνας που ορίσαμε σταματά μόνο την κίνηση από το PC2 
προς τον SRV1, και όχι από το PC2 προς
 []

[27]
Overfull \hbox (17.15353pt too wide) in paragraph at lines 1411--1412
\TU/MinionPro(0)/m/n/12 Από νέο παράθυρο εντολών στον R1 εκτελούμε [][]\TU/lmtt
/m/n/12 ping 203.0.118.14[]\TU/MinionPro(0)/m/n/12 . Το ping όντως αποτυγχάνει.

 []

[28]
Overfull \hbox (16.71191pt too wide) in paragraph at lines 1461--1461
[]\TU/lmtt/m/n/12 Action     Proto    Source    Port    Destination    Port    
    Description[] 
 []


Overfull \hbox (0.34737pt too wide) in paragraph at lines 1465--1466
[]\TU/MinionPro(0)/m/n/12 Ο παραπάνω κανόνας προστέθηκε επειδή τσεκάραμε το κου
τί ”Auto-add a firewall rule to permit
 []

[29]
Overfull \hbox (37.32332pt too wide) in paragraph at lines 1486--1487
[]\TU/MinionPro(0)/m/n/12 παρακολουθούμε την πορεία ενός συγκεκριμένου TCP τεμα
χίου (επιλέγουμε ένα που έχει συγκεκριμένη
 []


Overfull \hbox (32.4293pt too wide) in paragraph at lines 1508--1509
[]\TU/MinionPro(0)/m/n/12 Στο FW1 γίνεται μετάφραση NAT στη διεύθυνση πηγής: []
[]\TU/lmtt/m/n/12 192.168.1.3 $\OMS/cmsy/m/n/12 !$ []\TU/lmtt/m/n/12 203.0.118.
15[]\TU/MinionPro(0)/m/n/12 ,
 []


Overfull \hbox (20.93292pt too wide) in paragraph at lines 1510--1511
[]\TU/MinionPro(0)/m/n/12 Δεν γίνεται μετάφραση NAT στη διεύθυνση προορισμού, γ
ιατί το πακέτο δεν προέρχεται
 []


Overfull \hbox (12.1282pt too wide) in paragraph at lines 1512--1514
[]\TU/MinionPro(0)/m/n/12 Το πακέτο προωθήθηκε με βάση την προκαθορισμένη διαδρ
ομή του FW1 μέσω του R1. 
 []


Overfull \hbox (30.6442pt too wide) in paragraph at lines 1515--1517
[]\TU/MinionPro(0)/m/n/12 Το πακέτο προωθήθηκε με βάση την εγγραφή για το δίκτυ
ο [][]\TU/lmtt/m/n/12 203.0.118.0/24 []\TU/MinionPro(0)/m/n/12 στον πίνακα
 []


Overfull \hbox (54.9653pt too wide) in paragraph at lines 1518--1519
[]\TU/MinionPro(0)/m/n/12 Στο FW1 γίνεται μετάφραση NAT στη διεύθυνση προορισμο
ύ: [][]\TU/lmtt/m/n/12 203.0.118.18 $\OMS/cmsy/m/n/12 !$ []\TU/lmtt/m/n/12 172.
22.1.2[]\TU/MinionPro(0)/m/n/12 ,
 []


Overfull \hbox (35.42494pt too wide) in paragraph at lines 1520--1521
[]\TU/MinionPro(0)/m/n/12 Δεν γίνεται μετάφραση NAT στη διεύθυνση πηγής, γιατί 
το πακέτο δεν πρόκειται να εξέλθει
 []

[30]
Overfull \hbox (9.18822pt too wide) in paragraph at lines 1534--1535
[]\TU/MinionPro(0)/m/n/12 Επιλέγουμε τον κανόνα για το PC1 (Source [][]\TU/lmtt
/m/n/12 192.168.1.2[]\TU/MinionPro(0)/m/n/12 ) και πατάμε ”Delete selected mapp
ings”.
 []


Overfull \hbox (35.94339pt too wide) in paragraph at lines 1534--1535
\TU/MinionPro(0)/m/n/12 R1 βλέπουμε ότι τα ICMP request έχουν διεύθυνση πηγής τ
ην [][]\TU/lmtt/m/n/12 192.168.1.2 []\TU/MinionPro(0)/m/n/12 (δεν έχουν υποστεί
 δηλαδή
 []


Overfull \hbox (37.68187pt too wide) in paragraph at lines 1534--1535
\TU/MinionPro(0)/m/n/12 μετάφραση, επειδή διαγράψαμε τον σχετικό κανόνα Outboun
d NAT), για την οποία δεν υπάρχει σχετική
 []


Overfull \hbox (21.40498pt too wide) in paragraph at lines 1534--1535
\TU/MinionPro(0)/m/n/12 εγγραφή στον πίνακα δρομολόγησης του R1, επομένως ο R1 
δεν μπορεί να απαντήσει με ICMP reply. 
 []


Overfull \hbox (2.9855pt too wide) in paragraph at lines 1561--1562
\TU/MinionPro(0)/m/n/12 Στον SRV1 εκτελούμε [][]\TU/lmtt/m/n/12 tcpdump -i em0 
[]\TU/MinionPro(0)/m/n/12 και στο PC2 εκτελούμε [][]\TU/lmtt/m/n/12 ssh lab@203
.0.118.18[]\TU/MinionPro(0)/m/n/12 . Στην
 []


Overfull \hbox (13.54317pt too wide) in paragraph at lines 1561--1562
\TU/MinionPro(0)/m/n/12 οι οποίες αποτυγχάνουν. Συγκεκριμένα, ενώ αποστέλλονται
 τα δύο πρώτα τεμάχια (πρώτο τεμάχιο
 []


Overfull \hbox (24.86589pt too wide) in paragraph at lines 1561--1562
\TU/MinionPro(0)/m/n/12 -σημαία SYN- από τη διεύθυνση [][]\TU/lmtt/m/n/12 192.0
.2.1[]\TU/MinionPro(0)/m/n/12 , δεύτερο τεμάχιο -σημαίες SYN, ACK- από τη διεύθ
υνση
 []


Overfull \hbox (6.16156pt too wide) in paragraph at lines 1561--1562
\TU/MinionPro(0)/m/n/12 της σύνδεσης -σημαία RST-. Αυτό επαναλαμβάνεται μέχρι ν
α γίνει timeout από τη μεριά του PC2. 
 []


Overfull \hbox (0.16823pt too wide) in paragraph at lines 1564--1565
\TU/MinionPro(0)/m/n/12 επειδή ο PC2 προσπαθεί να επικοινωνήσει με τον SRV1 μέσ
ω της διεύθυνσης [][]\TU/lmtt/m/n/12 203.0.118.18 []\TU/MinionPro(0)/m/n/12 και

 []


Overfull \hbox (9.38586pt too wide) in paragraph at lines 1564--1565
\TU/MinionPro(0)/m/n/12 όχι μέσω της [][]\TU/lmtt/m/n/12 172.22.1.2[]\TU/Minion
Pro(0)/m/n/12 , και δεύτερον επειδή ο SRV1 χρησιμοποιεί τη διεύθυνση [][]\TU/lm
tt/m/n/12 192.0.2.1 []\TU/MinionPro(0)/m/n/12 και
 []

[31]
Overfull \hbox (5.99536pt too wide) in paragraph at lines 1566--1567
[]\TU/MinionPro(0)/m/n/12 Λαμβάνοντας υπόψιν τη σημείωση στην καρτέλα για το In
bound NAT (”It is not possible to access
 []


Overfull \hbox (13.92409pt too wide) in paragraph at lines 1566--1567
\TU/MinionPro(0)/m/n/12 NATed services using the WAN IP address from within LAN
”), βλέπουμε πως το πρόβλημα έγκειται
 []


Overfull \hbox (16.53622pt too wide) in paragraph at lines 1566--1567
\TU/MinionPro(0)/m/n/12 στο γεγονός ότι προσπαθούμε να χρησιμοποιήσουμε τη διεύ
θυνση [][]\TU/lmtt/m/n/12 203.0.118.18 []\TU/MinionPro(0)/m/n/12 (NATed service
)
 []


Overfull \hbox (4.5158pt too wide) in paragraph at lines 1566--1567
\TU/MinionPro(0)/m/n/12 μέσα από το LAN, χρησιμοποιώντας την WAN IP διεύθυνση [
][]\TU/lmtt/m/n/12 192.0.2.1[]\TU/MinionPro(0)/m/n/12 . Αυτός είναι και ο λόγος

 []


Overfull \hbox (2.0522pt too wide) in paragraph at lines 1578--1579
\TU/MinionPro(0)/m/n/12 Πηγαίνουμε στη διεύθυνση [][]\TU/lmtt/m/n/12 http://192
.168.56.2 []\TU/MinionPro(0)/m/n/12 και από το γραφικό περιβάλλον (του FW2): 
 []


Overfull \hbox (40.61781pt too wide) in paragraph at lines 1594--1595
\TU/MinionPro(0)/m/n/12 σελίδες φορτώνουν κανονικά, και εμφανίζονται τα hostnam
es [][]\TU/lmtt/m/n/12 fw1.lab.ntua.gr []\TU/MinionPro(0)/m/n/12 και [][]\TU/lm
tt/m/n/12 fw.lab.ntua.gr[]\TU/MinionPro(0)/m/n/12 ,
 []

[32] [33]
Overfull \hbox (14.96585pt too wide) in paragraph at lines 1700--1701
[]\TU/MinionPro(0)/m/n/12 Και τα δύο ping αποτυγχάνουν με μήνυμα λάθους ”Destin
ation Host Unreachable”, το οποίο έρχεται
 []


Overfull \hbox (18.98322pt too wide) in paragraph at lines 1700--1701
\TU/MinionPro(0)/m/n/12 από τη διεύθυνση [][]\TU/lmtt/m/n/12 192.0.2.2[]\TU/Min
ionPro(0)/m/n/12 , δηλαδή τον R1. Αυτό συμβαίνει διότι ο R1 δεν διαθέτει εγγραφ
ή στον
 []

[34]
Overfull \hbox (22.8919pt too wide) in paragraph at lines 1755--1755
[]\TU/lmtt/m/n/12 Source            Destination       Direction    Protocol    
Tunnel endpoints[] 
 []


Overfull \hbox (41.3599pt too wide) in paragraph at lines 1756--1756
[]\TU/lmtt/m/n/12 192.168.2.0/24    192.168.1.0/24    -->          ESP         
192.0.2.5-192.0.2.1[] 
 []


Overfull \hbox (41.3599pt too wide) in paragraph at lines 1757--1757
[]\TU/lmtt/m/n/12 192.168.1.0/24    192.168.2.0/24    <--          ESP         
192.0.2.1-192.0.2.5[] 
 []

[35]
Overfull \hbox (22.8919pt too wide) in paragraph at lines 1798--1798
[]\TU/lmtt/m/n/12 Source            Destination       Direction    Protocol    
Tunnel endpoints[] 
 []


Overfull \hbox (41.3599pt too wide) in paragraph at lines 1799--1799
[]\TU/lmtt/m/n/12 192.168.1.0/24    192.168.2.0/24    -->          ESP         
192.0.2.1-192.0.2.5[] 
 []


Overfull \hbox (41.3599pt too wide) in paragraph at lines 1800--1800
[]\TU/lmtt/m/n/12 192.168.2.0/24    192.168.1.0/24    <--          ESP         
192.0.2.5-192.0.2.1[] 
 []


Overfull \hbox (10.5319pt too wide) in paragraph at lines 1819--1819
[]\TU/lmtt/m/n/12 Source       Destination    Protocol    SPI         Enc. alg.
    Auth. alg.[] 
 []


Overfull \hbox (4.30391pt too wide) in paragraph at lines 1820--1820
[]\TU/lmtt/m/n/12 192.0.2.1    192.0.2.5      ESP         08911c49    3des-cbc 
    hmac-sha1[] 
 []


Overfull \hbox (4.30391pt too wide) in paragraph at lines 1821--1821
[]\TU/lmtt/m/n/12 192.0.2.5    192.0.2.1      ESP         0a631651    3des-cbc 
    hmac-sha1[] 
 []


Overfull \hbox (10.5319pt too wide) in paragraph at lines 1834--1834
[]\TU/lmtt/m/n/12 Source       Destination    Protocol    SPI         Enc. alg.
    Auth. alg.[] 
 []


Overfull \hbox (4.30391pt too wide) in paragraph at lines 1835--1835
[]\TU/lmtt/m/n/12 192.0.2.5    192.0.2.1      ESP         0a631651    3des-cbc 
    hmac-sha1[] 
 []


Overfull \hbox (4.30391pt too wide) in paragraph at lines 1836--1836
[]\TU/lmtt/m/n/12 192.0.2.1    192.0.2.5      ESP         08911c49    3des-cbc 
    hmac-sha1[] 
 []

[36]
Overfull \hbox (12.29785pt too wide) in paragraph at lines 1858--1859
\TU/MinionPro(0)/m/n/12 Εμφανίζονται πακέτα ESP, κάποια με πηγή [][]\TU/lmtt/m/
n/12 192.0.2.1 []\TU/MinionPro(0)/m/n/12 και προορισμό [][]\TU/lmtt/m/n/12 192.
0.2.5[]\TU/MinionPro(0)/m/n/12 , και τα υπόλοιπα
 []

[37] (./report.aux)
Package rerunfilecheck Info: File `report.out' has not changed.
(rerunfilecheck)             Checksum: D41D8CD98F00B204E9800998ECF8427E;0.
 ) 
Here is how much of TeX's memory you used:
 17278 strings out of 478190
 337035 string characters out of 5854813
 709578 words of memory out of 5000000
 37564 multiletter control sequences out of 15000+600000
 477169 words of font info for 84 fonts, out of 8000000 for 9000
 14 hyphenation exceptions out of 8191
 99i,6n,95p,614b,508s stack positions out of 5000i,500n,10000p,200000b,80000s

Output written on report.pdf (37 pages).
